d:\gitrepos\catalyst-game-engine\catalyst-game-engine\engine\debug\vc142.pdb
d:\gitrepos\catalyst-game-engine\catalyst-game-engine\engine\debug\vc142.idb
d:\gitrepos\catalyst-game-engine\catalyst-game-engine\engine\debug\window.obj
d:\gitrepos\catalyst-game-engine\catalyst-game-engine\engine\debug\errorchecking.obj
d:\gitrepos\catalyst-game-engine\catalyst-game-engine\engine\debug\vertexbuffer.obj
d:\gitrepos\catalyst-game-engine\catalyst-game-engine\engine\debug\application.obj
d:\gitrepos\catalyst-game-engine\catalyst-game-engine\engine\debug\renderer.obj
d:\gitrepos\catalyst-game-engine\catalyst-game-engine\engine\debug\color.obj
d:\gitrepos\catalyst-game-engine\catalyst-game-engine\engine\debug\gameobject.obj
d:\gitrepos\catalyst-game-engine\catalyst-game-engine\engine\debug\geometry.obj
d:\gitrepos\catalyst-game-engine\catalyst-game-engine\engine\debug\scene.obj
d:\gitrepos\catalyst-game-engine\catalyst-game-engine\engine\debug\transform.obj
d:\gitrepos\catalyst-game-engine\catalyst-game-engine\engine\debug\inputs.obj
d:\gitrepos\catalyst-game-engine\catalyst-game-engine\engine\debug\shading.obj
d:\gitrepos\catalyst-game-engine\catalyst-game-engine\engine\debug\buffers.obj
d:\gitrepos\catalyst-game-engine\catalyst-game-engine\engine\debug\vectorstate.obj
d:\gitrepos\catalyst-game-engine\catalyst-game-engine\engine\debug\booleanstate.obj
d:\gitrepos\catalyst-game-engine\catalyst-game-engine\engine\debug\vertex.obj
d:\gitrepos\catalyst-game-engine\catalyst-game-engine\engine\debug\application.obj.enc
d:\gitrepos\catalyst-game-engine\catalyst-game-engine\debug\engine.pdb
d:\gitrepos\catalyst-game-engine\catalyst-game-engine\engine\debug\engine.tlog\cl.command.1.tlog
d:\gitrepos\catalyst-game-engine\catalyst-game-engine\engine\debug\engine.tlog\cl.read.1.tlog
d:\gitrepos\catalyst-game-engine\catalyst-game-engine\engine\debug\engine.tlog\cl.write.1.tlog
d:\gitrepos\catalyst-game-engine\catalyst-game-engine\engine\debug\engine.tlog\link-cvtres.read.1.tlog
d:\gitrepos\catalyst-game-engine\catalyst-game-engine\engine\debug\engine.tlog\link-cvtres.write.1.tlog
d:\gitrepos\catalyst-game-engine\catalyst-game-engine\engine\debug\engine.tlog\link-rc.read.1.tlog
d:\gitrepos\catalyst-game-engine\catalyst-game-engine\engine\debug\engine.tlog\link-rc.write.1.tlog
d:\gitrepos\catalyst-game-engine\catalyst-game-engine\engine\debug\engine.tlog\link.1520-cvtres.read.1.tlog
d:\gitrepos\catalyst-game-engine\catalyst-game-engine\engine\debug\engine.tlog\link.1520-cvtres.write.1.tlog
d:\gitrepos\catalyst-game-engine\catalyst-game-engine\engine\debug\engine.tlog\link.1520-rc.read.1.tlog
d:\gitrepos\catalyst-game-engine\catalyst-game-engine\engine\debug\engine.tlog\link.1520-rc.write.1.tlog
d:\gitrepos\catalyst-game-engine\catalyst-game-engine\engine\debug\engine.tlog\link.1520.read.1.tlog
d:\gitrepos\catalyst-game-engine\catalyst-game-engine\engine\debug\engine.tlog\link.1520.write.1.tlog
d:\gitrepos\catalyst-game-engine\catalyst-game-engine\engine\debug\engine.tlog\link.command.1.tlog
d:\gitrepos\catalyst-game-engine\catalyst-game-engine\engine\debug\engine.tlog\link.read.1.tlog
d:\gitrepos\catalyst-game-engine\catalyst-game-engine\engine\debug\engine.tlog\link.write.1.tlog
